2018-01-25 13:00:48 [scrapy] INFO: Scrapy 1.1.1 started (bot: dongguan)
2018-01-25 13:00:48 [scrapy] INFO: Overridden settings: {'NEWSPIDER_MODULE': 'dongguan.spiders', 'ROBOTSTXT_OBEY': True, 'SPIDER_MODULES': ['dongguan.spiders'], 'LOG_FILE': 'dg.log', 'BOT_NAME': 'dongguan'}
2018-01-25 13:00:48 [scrapy] INFO: Enabled extensions:
['scrapy.extensions.logstats.LogStats',
 'scrapy.extensions.telnet.TelnetConsole',
 'scrapy.extensions.corestats.CoreStats']
2018-01-25 13:00:48 [scrapy] INFO: Enabled downloader middlewares:
['scrapy.downloadermiddlewares.robotstxt.RobotsTxtMiddleware',
 'scrapy.downloadermiddlewares.httpauth.HttpAuthMiddleware',
 'scrapy.downloadermiddlewares.downloadtimeout.DownloadTimeoutMiddleware',
 'scrapy.downloadermiddlewares.useragent.UserAgentMiddleware',
 'scrapy.downloadermiddlewares.retry.RetryMiddleware',
 'scrapy.downloadermiddlewares.defaultheaders.DefaultHeadersMiddleware',
 'scrapy.downloadermiddlewares.redirect.MetaRefreshMiddleware',
 'scrapy.downloadermiddlewares.httpcompression.HttpCompressionMiddleware',
 'scrapy.downloadermiddlewares.redirect.RedirectMiddleware',
 'scrapy.downloadermiddlewares.cookies.CookiesMiddleware',
 'scrapy.downloadermiddlewares.chunked.ChunkedTransferMiddleware',
 'scrapy.downloadermiddlewares.stats.DownloaderStats']
2018-01-25 13:00:48 [scrapy] INFO: Enabled spider middlewares:
['scrapy.spidermiddlewares.httperror.HttpErrorMiddleware',
 'scrapy.spidermiddlewares.offsite.OffsiteMiddleware',
 'scrapy.spidermiddlewares.referer.RefererMiddleware',
 'scrapy.spidermiddlewares.urllength.UrlLengthMiddleware',
 'scrapy.spidermiddlewares.depth.DepthMiddleware']
2018-01-25 13:00:48 [scrapy] INFO: Enabled item pipelines:
['dongguan.pipelines.TencentPipeline']
2018-01-25 13:00:48 [scrapy] INFO: Spider opened
2018-01-25 13:00:48 [scrapy] INFO: Crawled 0 pages (at 0 pages/min), scraped 0 items (at 0 items/min)
2018-01-25 13:00:48 [scrapy] DEBUG: Telnet console listening on 127.0.0.1:6023
2018-01-25 13:00:48 [scrapy] DEBUG: Redirecting (302) to <GET http://www.sun0769.com/error/404.htm> from <GET http://wz.sun0769.com/robots.txt>
2018-01-25 13:00:48 [scrapy] DEBUG: Crawled (200) <GET http://www.sun0769.com/error/404.htm> (referer: None)
2018-01-25 13:00:49 [scrapy] DEBUG: Crawled (200) <GET http://wz.sun0769.com/index.php/question/report?page=> (referer: None)
2018-01-25 13:00:49 [scrapy] DEBUG: Crawled (200) <GET http://wz.sun0769.com/html/question/201801/359511.shtml> (referer: http://wz.sun0769.com/index.php/question/report?page=)
2018-01-25 13:00:49 [scrapy] DEBUG: Crawled (200) <GET http://wz.sun0769.com/html/question/201801/359512.shtml> (referer: http://wz.sun0769.com/index.php/question/report?page=)
2018-01-25 13:00:49 [scrapy] DEBUG: Crawled (200) <GET http://wz.sun0769.com/html/question/201801/359515.shtml> (referer: http://wz.sun0769.com/index.php/question/report?page=)
2018-01-25 13:00:49 [scrapy] DEBUG: Crawled (200) <GET http://wz.sun0769.com/html/question/201801/359514.shtml> (referer: http://wz.sun0769.com/index.php/question/report?page=)
2018-01-25 13:00:49 [scrapy] DEBUG: Crawled (200) <GET http://wz.sun0769.com/html/question/201801/359531.shtml> (referer: http://wz.sun0769.com/index.php/question/report?page=)
2018-01-25 13:00:49 [scrapy] DEBUG: Crawled (200) <GET http://wz.sun0769.com/html/question/201801/359533.shtml> (referer: http://wz.sun0769.com/index.php/question/report?page=)
2018-01-25 13:00:49 [scrapy] DEBUG: Crawled (200) <GET http://wz.sun0769.com/html/question/201801/359517.shtml> (referer: http://wz.sun0769.com/index.php/question/report?page=)
2018-01-25 13:00:49 [scrapy] DEBUG: Crawled (200) <GET http://wz.sun0769.com/html/question/201801/359513.shtml> (referer: http://wz.sun0769.com/index.php/question/report?page=)
2018-01-25 13:00:49 [scrapy] DEBUG: Crawled (200) <GET http://wz.sun0769.com/html/question/201801/359518.shtml> (referer: http://wz.sun0769.com/index.php/question/report?page=)
2018-01-25 13:00:49 [scrapy] DEBUG: Crawled (200) <GET http://wz.sun0769.com/html/question/201801/359524.shtml> (referer: http://wz.sun0769.com/index.php/question/report?page=)
2018-01-25 13:00:49 [scrapy] DEBUG: Crawled (200) <GET http://wz.sun0769.com/html/question/201801/359526.shtml> (referer: http://wz.sun0769.com/index.php/question/report?page=)
2018-01-25 13:00:49 [scrapy] DEBUG: Crawled (200) <GET http://wz.sun0769.com/index.php/question/report?page=113280> (referer: http://wz.sun0769.com/index.php/question/report?page=)
2018-01-25 13:00:49 [scrapy] DEBUG: Crawled (200) <GET http://wz.sun0769.com/html/question/201801/359488.shtml> (referer: http://wz.sun0769.com/index.php/question/report?page=)
2018-01-25 13:00:49 [scrapy] DEBUG: Crawled (200) <GET http://wz.sun0769.com/html/question/201801/359490.shtml> (referer: http://wz.sun0769.com/index.php/question/report?page=)
2018-01-25 13:00:49 [scrapy] DEBUG: Crawled (200) <GET http://wz.sun0769.com/index.php/question/report?page=120> (referer: http://wz.sun0769.com/index.php/question/report?page=)
2018-01-25 13:00:49 [scrapy] DEBUG: Crawled (200) <GET http://wz.sun0769.com/html/question/201801/359493.shtml> (referer: http://wz.sun0769.com/index.php/question/report?page=)
2018-01-25 13:00:49 [scrapy] DEBUG: Crawled (200) <GET http://wz.sun0769.com/html/question/201801/359486.shtml> (referer: http://wz.sun0769.com/index.php/question/report?page=)
2018-01-25 13:00:49 [scrapy] DEBUG: Crawled (200) <GET http://wz.sun0769.com/html/question/201801/359487.shtml> (referer: http://wz.sun0769.com/index.php/question/report?page=)
2018-01-25 13:00:49 [scrapy] DEBUG: Filtered duplicate request: <GET http://wz.sun0769.com/index.php/question/report?page=90> - no more duplicates will be shown (see DUPEFILTER_DEBUG to show all duplicates)
2018-01-25 13:00:49 [scrapy] DEBUG: Crawled (200) <GET http://wz.sun0769.com/html/question/201801/359496.shtml> (referer: http://wz.sun0769.com/index.php/question/report?page=)
2018-01-25 13:00:49 [scrapy] DEBUG: Crawled (200) <GET http://wz.sun0769.com/html/question/201801/359495.shtml> (referer: http://wz.sun0769.com/index.php/question/report?page=)
2018-01-25 13:00:49 [scrapy] DEBUG: Crawled (200) <GET http://wz.sun0769.com/html/question/201801/359489.shtml> (referer: http://wz.sun0769.com/index.php/question/report?page=)
2018-01-25 13:00:49 [scrapy] DEBUG: Crawled (200) <GET http://wz.sun0769.com/index.php/question/report?page=60> (referer: http://wz.sun0769.com/index.php/question/report?page=)
2018-01-25 13:00:49 [scrapy] DEBUG: Crawled (200) <GET http://wz.sun0769.com/index.php/question/report?page=30> (referer: http://wz.sun0769.com/index.php/question/report?page=)
2018-01-25 13:00:49 [scrapy] DEBUG: Crawled (200) <GET http://wz.sun0769.com/index.php/question/report?page=90> (referer: http://wz.sun0769.com/index.php/question/report?page=)
2018-01-25 13:00:49 [scrapy] DEBUG: Crawled (200) <GET http://wz.sun0769.com/html/question/201801/359497.shtml> (referer: http://wz.sun0769.com/index.php/question/report?page=)
2018-01-25 13:00:49 [scrapy] DEBUG: Crawled (200) <GET http://wz.sun0769.com/html/question/201801/359498.shtml> (referer: http://wz.sun0769.com/index.php/question/report?page=)
2018-01-25 13:00:49 [scrapy] DEBUG: Crawled (200) <GET http://wz.sun0769.com/html/question/201801/359499.shtml> (referer: http://wz.sun0769.com/index.php/question/report?page=)
2018-01-25 13:00:49 [scrapy] DEBUG: Crawled (200) <GET http://wz.sun0769.com/html/question/201801/359494.shtml> (referer: http://wz.sun0769.com/index.php/question/report?page=)
2018-01-25 13:00:49 [scrapy] DEBUG: Crawled (200) <GET http://wz.sun0769.com/html/question/201801/359504.shtml> (referer: http://wz.sun0769.com/index.php/question/report?page=)
2018-01-25 13:00:49 [scrapy] DEBUG: Crawled (200) <GET http://wz.sun0769.com/html/question/201801/359289.shtml> (referer: http://wz.sun0769.com/index.php/question/report?page=120)
2018-01-25 13:00:49 [scrapy] DEBUG: Crawled (200) <GET http://wz.sun0769.com/html/question/201801/359287.shtml> (referer: http://wz.sun0769.com/index.php/question/report?page=120)
2018-01-25 13:00:49 [scrapy] DEBUG: Crawled (200) <GET http://wz.sun0769.com/html/question/201801/359304.shtml> (referer: http://wz.sun0769.com/index.php/question/report?page=120)
2018-01-25 13:00:49 [scrapy] DEBUG: Crawled (200) <GET http://wz.sun0769.com/html/question/201801/359500.shtml> (referer: http://wz.sun0769.com/index.php/question/report?page=)
2018-01-25 13:00:50 [scrapy] DEBUG: Crawled (200) <GET http://wz.sun0769.com/html/question/201801/359305.shtml> (referer: http://wz.sun0769.com/index.php/question/report?page=120)
2018-01-25 13:00:50 [scrapy] DEBUG: Crawled (200) <GET http://wz.sun0769.com/html/question/201801/359298.shtml> (referer: http://wz.sun0769.com/index.php/question/report?page=120)
2018-01-25 13:00:50 [scrapy] DEBUG: Crawled (200) <GET http://wz.sun0769.com/html/question/201801/359316.shtml> (referer: http://wz.sun0769.com/index.php/question/report?page=120)
2018-01-25 13:00:50 [scrapy] DEBUG: Crawled (200) <GET http://wz.sun0769.com/html/question/201801/359318.shtml> (referer: http://wz.sun0769.com/index.php/question/report?page=120)
2018-01-25 13:00:50 [scrapy] DEBUG: Crawled (200) <GET http://wz.sun0769.com/html/question/201801/359309.shtml> (referer: http://wz.sun0769.com/index.php/question/report?page=120)
2018-01-25 13:00:50 [scrapy] DEBUG: Crawled (200) <GET http://wz.sun0769.com/html/question/201801/359349.shtml> (referer: http://wz.sun0769.com/index.php/question/report?page=90)
2018-01-25 13:00:50 [scrapy] DEBUG: Crawled (200) <GET http://wz.sun0769.com/html/question/201801/359310.shtml> (referer: http://wz.sun0769.com/index.php/question/report?page=120)
2018-01-25 13:00:50 [scrapy] DEBUG: Crawled (200) <GET http://wz.sun0769.com/html/question/201801/359351.shtml> (referer: http://wz.sun0769.com/index.php/question/report?page=90)
2018-01-25 13:00:50 [scrapy] DEBUG: Crawled (200) <GET http://wz.sun0769.com/html/question/201801/359354.shtml> (referer: http://wz.sun0769.com/index.php/question/report?page=90)
2018-01-25 13:00:50 [scrapy] DEBUG: Crawled (200) <GET http://wz.sun0769.com/html/question/201801/359319.shtml> (referer: http://wz.sun0769.com/index.php/question/report?page=120)
2018-01-25 13:00:50 [scrapy] DEBUG: Crawled (200) <GET http://wz.sun0769.com/html/question/201801/359353.shtml> (referer: http://wz.sun0769.com/index.php/question/report?page=90)
2018-01-25 13:00:50 [scrapy] DEBUG: Crawled (200) <GET http://wz.sun0769.com/html/question/201801/359350.shtml> (referer: http://wz.sun0769.com/index.php/question/report?page=90)
2018-01-25 13:00:50 [scrapy] DEBUG: Crawled (200) <GET http://wz.sun0769.com/html/question/201801/359359.shtml> (referer: http://wz.sun0769.com/index.php/question/report?page=90)
2018-01-25 13:00:50 [scrapy] DEBUG: Crawled (200) <GET http://wz.sun0769.com/html/question/201801/359356.shtml> (referer: http://wz.sun0769.com/index.php/question/report?page=90)
2018-01-25 13:00:50 [scrapy] DEBUG: Crawled (200) <GET http://wz.sun0769.com/html/question/201801/359369.shtml> (referer: http://wz.sun0769.com/index.php/question/report?page=90)
2018-01-25 13:00:50 [scrapy] DEBUG: Crawled (200) <GET http://wz.sun0769.com/html/question/201801/359363.shtml> (referer: http://wz.sun0769.com/index.php/question/report?page=90)
2018-01-25 13:00:50 [scrapy] DEBUG: Crawled (200) <GET http://wz.sun0769.com/html/question/201801/359367.shtml> (referer: http://wz.sun0769.com/index.php/question/report?page=90)
2018-01-25 13:00:50 [scrapy] DEBUG: Crawled (200) <GET http://wz.sun0769.com/html/question/201801/359372.shtml> (referer: http://wz.sun0769.com/index.php/question/report?page=90)
2018-01-25 13:00:50 [scrapy] DEBUG: Crawled (200) <GET http://wz.sun0769.com/html/question/201801/359370.shtml> (referer: http://wz.sun0769.com/index.php/question/report?page=90)
2018-01-25 13:00:50 [scrapy] DEBUG: Crawled (200) <GET http://wz.sun0769.com/html/question/201801/359376.shtml> (referer: http://wz.sun0769.com/index.php/question/report?page=90)
2018-01-25 13:00:51 [scrapy] DEBUG: Crawled (200) <GET http://wz.sun0769.com/html/question/201801/359373.shtml> (referer: http://wz.sun0769.com/index.php/question/report?page=90)
2018-01-25 13:00:51 [scrapy] DEBUG: Crawled (200) <GET http://wz.sun0769.com/html/question/201801/359377.shtml> (referer: http://wz.sun0769.com/index.php/question/report?page=90)
2018-01-25 13:00:51 [scrapy] DEBUG: Crawled (200) <GET http://wz.sun0769.com/html/question/201801/359379.shtml> (referer: http://wz.sun0769.com/index.php/question/report?page=90)
2018-01-25 13:00:51 [scrapy] DEBUG: Crawled (200) <GET http://wz.sun0769.com/html/question/201801/359378.shtml> (referer: http://wz.sun0769.com/index.php/question/report?page=90)
2018-01-25 13:00:51 [scrapy] DEBUG: Crawled (200) <GET http://wz.sun0769.com/html/question/201801/359382.shtml> (referer: http://wz.sun0769.com/index.php/question/report?page=90)
2018-01-25 13:00:51 [scrapy] DEBUG: Crawled (200) <GET http://wz.sun0769.com/html/question/201801/359385.shtml> (referer: http://wz.sun0769.com/index.php/question/report?page=90)
2018-01-25 13:00:51 [scrapy] DEBUG: Crawled (200) <GET http://wz.sun0769.com/html/question/201801/359383.shtml> (referer: http://wz.sun0769.com/index.php/question/report?page=90)
2018-01-25 13:00:51 [scrapy] DEBUG: Crawled (200) <GET http://wz.sun0769.com/html/question/201801/359380.shtml> (referer: http://wz.sun0769.com/index.php/question/report?page=90)
2018-01-25 13:00:51 [scrapy] DEBUG: Crawled (200) <GET http://wz.sun0769.com/html/question/201801/359388.shtml> (referer: http://wz.sun0769.com/index.php/question/report?page=90)
2018-01-25 13:00:51 [scrapy] DEBUG: Crawled (200) <GET http://wz.sun0769.com/html/question/201801/359387.shtml> (referer: http://wz.sun0769.com/index.php/question/report?page=90)
2018-01-25 13:00:51 [scrapy] DEBUG: Crawled (200) <GET http://wz.sun0769.com/html/question/201801/359391.shtml> (referer: http://wz.sun0769.com/index.php/question/report?page=90)
2018-01-25 13:00:51 [scrapy] DEBUG: Crawled (200) <GET http://wz.sun0769.com/html/question/201801/359394.shtml> (referer: http://wz.sun0769.com/index.php/question/report?page=90)
2018-01-25 13:00:51 [scrapy] DEBUG: Crawled (200) <GET http://wz.sun0769.com/html/question/201801/359395.shtml> (referer: http://wz.sun0769.com/index.php/question/report?page=90)
2018-01-25 13:00:51 [scrapy] DEBUG: Crawled (200) <GET http://wz.sun0769.com/html/question/201801/359392.shtml> (referer: http://wz.sun0769.com/index.php/question/report?page=90)
2018-01-25 13:00:51 [scrapy] DEBUG: Crawled (200) <GET http://wz.sun0769.com/html/question/201801/359397.shtml> (referer: http://wz.sun0769.com/index.php/question/report?page=90)
2018-01-25 13:00:51 [scrapy] DEBUG: Crawled (200) <GET http://wz.sun0769.com/html/question/201801/359444.shtml> (referer: http://wz.sun0769.com/index.php/question/report?page=30)
2018-01-25 13:00:51 [scrapy] DEBUG: Crawled (200) <GET http://wz.sun0769.com/html/question/201801/359443.shtml> (referer: http://wz.sun0769.com/index.php/question/report?page=30)
2018-01-25 13:00:51 [scrapy] DEBUG: Crawled (200) <GET http://wz.sun0769.com/html/question/201801/359447.shtml> (referer: http://wz.sun0769.com/index.php/question/report?page=30)
2018-01-25 13:00:51 [scrapy] DEBUG: Crawled (200) <GET http://wz.sun0769.com/html/question/201801/359375.shtml> (referer: http://wz.sun0769.com/index.php/question/report?page=90)
2018-01-25 13:00:51 [scrapy] DEBUG: Crawled (200) <GET http://wz.sun0769.com/html/question/201801/359449.shtml> (referer: http://wz.sun0769.com/index.php/question/report?page=30)
2018-01-25 13:00:52 [scrapy] DEBUG: Crawled (200) <GET http://wz.sun0769.com/html/question/201801/359448.shtml> (referer: http://wz.sun0769.com/index.php/question/report?page=30)
2018-01-25 13:00:52 [scrapy] DEBUG: Crawled (200) <GET http://wz.sun0769.com/html/question/201801/359450.shtml> (referer: http://wz.sun0769.com/index.php/question/report?page=30)
2018-01-25 13:00:52 [scrapy] DEBUG: Crawled (200) <GET http://wz.sun0769.com/html/question/201801/359457.shtml> (referer: http://wz.sun0769.com/index.php/question/report?page=30)
2018-01-25 13:00:52 [scrapy] DEBUG: Crawled (200) <GET http://wz.sun0769.com/html/question/201801/359458.shtml> (referer: http://wz.sun0769.com/index.php/question/report?page=30)
2018-01-25 13:00:52 [scrapy] DEBUG: Crawled (200) <GET http://wz.sun0769.com/html/question/201801/359460.shtml> (referer: http://wz.sun0769.com/index.php/question/report?page=30)
2018-01-25 13:00:52 [scrapy] DEBUG: Crawled (200) <GET http://wz.sun0769.com/html/question/201801/359455.shtml> (referer: http://wz.sun0769.com/index.php/question/report?page=30)
2018-01-25 13:00:52 [scrapy] DEBUG: Crawled (200) <GET http://wz.sun0769.com/index.php/question/report?page=113220> (referer: http://wz.sun0769.com/index.php/question/report?page=113280)
2018-01-25 13:00:52 [scrapy] DEBUG: Crawled (200) <GET http://wz.sun0769.com/html/question/201801/359464.shtml> (referer: http://wz.sun0769.com/index.php/question/report?page=30)
2018-01-25 13:00:52 [scrapy] DEBUG: Crawled (200) <GET http://wz.sun0769.com/html/question/201801/359461.shtml> (referer: http://wz.sun0769.com/index.php/question/report?page=30)
2018-01-25 13:00:52 [scrapy] DEBUG: Crawled (200) <GET http://wz.sun0769.com/html/question/201801/359462.shtml> (referer: http://wz.sun0769.com/index.php/question/report?page=30)
2018-01-25 13:00:52 [scrapy] DEBUG: Crawled (200) <GET http://wz.sun0769.com/html/question/201801/359463.shtml> (referer: http://wz.sun0769.com/index.php/question/report?page=30)
2018-01-25 13:00:52 [scrapy] DEBUG: Crawled (200) <GET http://wz.sun0769.com/html/question/201801/359396.shtml> (referer: http://wz.sun0769.com/index.php/question/report?page=90)
2018-01-25 13:00:52 [scrapy] DEBUG: Crawled (200) <GET http://wz.sun0769.com/html/question/201801/359467.shtml> (referer: http://wz.sun0769.com/index.php/question/report?page=30)
2018-01-25 13:00:52 [scrapy] DEBUG: Crawled (200) <GET http://wz.sun0769.com/html/question/201801/359469.shtml> (referer: http://wz.sun0769.com/index.php/question/report?page=30)
2018-01-25 13:00:52 [scrapy] DEBUG: Crawled (200) <GET http://wz.sun0769.com/html/question/201801/359465.shtml> (referer: http://wz.sun0769.com/index.php/question/report?page=30)
2018-01-25 13:00:52 [scrapy] DEBUG: Crawled (200) <GET http://wz.sun0769.com/html/question/201801/359468.shtml> (referer: http://wz.sun0769.com/index.php/question/report?page=30)
2018-01-25 13:00:53 [scrapy] DEBUG: Crawled (200) <GET http://wz.sun0769.com/html/question/201801/359475.shtml> (referer: http://wz.sun0769.com/index.php/question/report?page=30)
2018-01-25 13:00:53 [scrapy] DEBUG: Crawled (200) <GET http://wz.sun0769.com/html/question/201801/359470.shtml> (referer: http://wz.sun0769.com/index.php/question/report?page=30)
2018-01-25 13:00:53 [scrapy] DEBUG: Crawled (200) <GET http://wz.sun0769.com/html/question/201801/359477.shtml> (referer: http://wz.sun0769.com/index.php/question/report?page=30)
2018-01-25 13:00:53 [scrapy] DEBUG: Crawled (200) <GET http://wz.sun0769.com/html/question/201801/359476.shtml> (referer: http://wz.sun0769.com/index.php/question/report?page=30)
2018-01-25 13:00:53 [scrapy] DEBUG: Crawled (200) <GET http://wz.sun0769.com/html/question/201801/359466.shtml> (referer: http://wz.sun0769.com/index.php/question/report?page=30)
2018-01-25 13:00:53 [scrapy] DEBUG: Crawled (200) <GET http://wz.sun0769.com/html/question/201801/359478.shtml> (referer: http://wz.sun0769.com/index.php/question/report?page=30)
2018-01-25 13:00:53 [scrapy] DEBUG: Crawled (200) <GET http://wz.sun0769.com/html/question/201801/359479.shtml> (referer: http://wz.sun0769.com/index.php/question/report?page=30)
2018-01-25 13:00:53 [scrapy] DEBUG: Crawled (200) <GET http://wz.sun0769.com/html/question/201801/359481.shtml> (referer: http://wz.sun0769.com/index.php/question/report?page=30)
2018-01-25 13:00:53 [scrapy] DEBUG: Crawled (200) <GET http://wz.sun0769.com/html/question/201801/359480.shtml> (referer: http://wz.sun0769.com/index.php/question/report?page=30)
2018-01-25 13:00:53 [scrapy] DEBUG: Crawled (200) <GET http://wz.sun0769.com/html/question/201801/359482.shtml> (referer: http://wz.sun0769.com/index.php/question/report?page=30)
2018-01-25 13:00:53 [scrapy] DEBUG: Crawled (200) <GET http://wz.sun0769.com/html/question/201801/359484.shtml> (referer: http://wz.sun0769.com/index.php/question/report?page=30)
2018-01-25 13:00:53 [scrapy] DEBUG: Crawled (200) <GET http://wz.sun0769.com/html/question/201801/359399.shtml> (referer: http://wz.sun0769.com/index.php/question/report?page=60)
2018-01-25 13:00:53 [scrapy] DEBUG: Crawled (200) <GET http://wz.sun0769.com/html/question/201801/359398.shtml> (referer: http://wz.sun0769.com/index.php/question/report?page=60)
2018-01-25 13:00:53 [scrapy] DEBUG: Crawled (200) <GET http://wz.sun0769.com/html/question/201801/359405.shtml> (referer: http://wz.sun0769.com/index.php/question/report?page=60)
2018-01-25 13:00:53 [scrapy] DEBUG: Crawled (200) <GET http://wz.sun0769.com/html/question/201801/359400.shtml> (referer: http://wz.sun0769.com/index.php/question/report?page=60)
2018-01-25 13:00:54 [scrapy] DEBUG: Crawled (200) <GET http://wz.sun0769.com/html/question/201801/359407.shtml> (referer: http://wz.sun0769.com/index.php/question/report?page=60)
2018-01-25 13:00:54 [scrapy] DEBUG: Crawled (200) <GET http://wz.sun0769.com/html/question/201801/359406.shtml> (referer: http://wz.sun0769.com/index.php/question/report?page=60)
2018-01-25 13:00:54 [scrapy] DEBUG: Crawled (200) <GET http://wz.sun0769.com/html/question/201801/359408.shtml> (referer: http://wz.sun0769.com/index.php/question/report?page=60)
2018-01-25 13:00:54 [scrapy] DEBUG: Crawled (200) <GET http://wz.sun0769.com/html/question/201801/359413.shtml> (referer: http://wz.sun0769.com/index.php/question/report?page=60)
2018-01-25 13:00:54 [scrapy] DEBUG: Crawled (200) <GET http://wz.sun0769.com/html/question/201801/359483.shtml> (referer: http://wz.sun0769.com/index.php/question/report?page=30)
2018-01-25 13:00:54 [scrapy] DEBUG: Crawled (200) <GET http://wz.sun0769.com/html/question/201801/359414.shtml> (referer: http://wz.sun0769.com/index.php/question/report?page=60)
2018-01-25 13:00:54 [scrapy] DEBUG: Crawled (200) <GET http://wz.sun0769.com/html/question/201801/359417.shtml> (referer: http://wz.sun0769.com/index.php/question/report?page=60)
2018-01-25 13:00:54 [scrapy] DEBUG: Crawled (200) <GET http://wz.sun0769.com/html/question/201801/359416.shtml> (referer: http://wz.sun0769.com/index.php/question/report?page=60)
2018-01-25 13:00:54 [scrapy] DEBUG: Crawled (200) <GET http://wz.sun0769.com/html/question/201801/359419.shtml> (referer: http://wz.sun0769.com/index.php/question/report?page=60)
2018-01-25 13:00:54 [scrapy] DEBUG: Crawled (200) <GET http://wz.sun0769.com/html/question/201801/359420.shtml> (referer: http://wz.sun0769.com/index.php/question/report?page=60)
2018-01-25 13:00:54 [scrapy] DEBUG: Crawled (200) <GET http://wz.sun0769.com/html/question/201801/359423.shtml> (referer: http://wz.sun0769.com/index.php/question/report?page=60)
2018-01-25 13:00:55 [scrapy] DEBUG: Crawled (200) <GET http://wz.sun0769.com/html/question/201801/359424.shtml> (referer: http://wz.sun0769.com/index.php/question/report?page=60)
2018-01-25 13:00:55 [scrapy] DEBUG: Crawled (200) <GET http://wz.sun0769.com/html/question/201801/359427.shtml> (referer: http://wz.sun0769.com/index.php/question/report?page=60)
2018-01-25 13:00:55 [scrapy] DEBUG: Crawled (200) <GET http://wz.sun0769.com/html/question/201801/359412.shtml> (referer: http://wz.sun0769.com/index.php/question/report?page=60)
2018-01-25 13:00:55 [scrapy] DEBUG: Crawled (200) <GET http://wz.sun0769.com/html/question/201801/359429.shtml> (referer: http://wz.sun0769.com/index.php/question/report?page=60)
2018-01-25 13:00:55 [scrapy] DEBUG: Crawled (200) <GET http://wz.sun0769.com/index.php/question/report?page=113250> (referer: http://wz.sun0769.com/index.php/question/report?page=113280)
2018-01-25 13:00:55 [scrapy] DEBUG: Crawled (200) <GET http://wz.sun0769.com/html/question/201801/359433.shtml> (referer: http://wz.sun0769.com/index.php/question/report?page=60)
2018-01-25 13:00:55 [scrapy] DEBUG: Crawled (200) <GET http://wz.sun0769.com/html/question/201801/359432.shtml> (referer: http://wz.sun0769.com/index.php/question/report?page=60)
2018-01-25 13:00:55 [scrapy] DEBUG: Crawled (200) <GET http://wz.sun0769.com/html/question/201801/359434.shtml> (referer: http://wz.sun0769.com/index.php/question/report?page=60)
2018-01-25 13:00:55 [scrapy] DEBUG: Crawled (200) <GET http://wz.sun0769.com/html/question/201801/359435.shtml> (referer: http://wz.sun0769.com/index.php/question/report?page=60)
2018-01-25 13:00:55 [scrapy] DEBUG: Crawled (200) <GET http://wz.sun0769.com/html/question/201801/359437.shtml> (referer: http://wz.sun0769.com/index.php/question/report?page=60)
2018-01-25 13:00:55 [scrapy] DEBUG: Crawled (200) <GET http://wz.sun0769.com/html/question/201801/359430.shtml> (referer: http://wz.sun0769.com/index.php/question/report?page=60)
2018-01-25 13:00:55 [scrapy] DEBUG: Crawled (200) <GET http://wz.sun0769.com/html/question/201801/359431.shtml> (referer: http://wz.sun0769.com/index.php/question/report?page=60)
2018-01-25 13:00:55 [scrapy] DEBUG: Crawled (200) <GET http://wz.sun0769.com/html/question/201801/359439.shtml> (referer: http://wz.sun0769.com/index.php/question/report?page=60)
2018-01-25 13:00:55 [scrapy] DEBUG: Crawled (200) <GET http://wz.sun0769.com/html/question/201801/359440.shtml> (referer: http://wz.sun0769.com/index.php/question/report?page=60)
2018-01-25 13:00:55 [scrapy] DEBUG: Crawled (200) <GET http://wz.sun0769.com/html/question/201801/359438.shtml> (referer: http://wz.sun0769.com/index.php/question/report?page=60)
2018-01-25 13:00:55 [scrapy] DEBUG: Crawled (200) <GET http://wz.sun0769.com/html/question/201801/359442.shtml> (referer: http://wz.sun0769.com/index.php/question/report?page=60)
2018-01-25 13:00:55 [scrapy] DEBUG: Crawled (200) <GET http://wz.sun0769.com/html/question/201801/359441.shtml> (referer: http://wz.sun0769.com/index.php/question/report?page=60)
2018-01-25 13:00:55 [scrapy] DEBUG: Crawled (200) <GET http://wz.sun0769.com/html/question/201801/359320.shtml> (referer: http://wz.sun0769.com/index.php/question/report?page=120)
2018-01-25 13:00:55 [scrapy] DEBUG: Crawled (200) <GET http://wz.sun0769.com/html/question/201801/359325.shtml> (referer: http://wz.sun0769.com/index.php/question/report?page=120)
2018-01-25 13:00:55 [scrapy] DEBUG: Crawled (200) <GET http://wz.sun0769.com/html/question/201801/359328.shtml> (referer: http://wz.sun0769.com/index.php/question/report?page=120)
2018-01-25 13:00:55 [scrapy] DEBUG: Crawled (200) <GET http://wz.sun0769.com/html/question/201801/359323.shtml> (referer: http://wz.sun0769.com/index.php/question/report?page=120)
2018-01-25 13:00:55 [scrapy] DEBUG: Crawled (200) <GET http://wz.sun0769.com/html/question/201801/359327.shtml> (referer: http://wz.sun0769.com/index.php/question/report?page=120)
2018-01-25 13:00:55 [scrapy] DEBUG: Crawled (200) <GET http://wz.sun0769.com/html/question/201801/359329.shtml> (referer: http://wz.sun0769.com/index.php/question/report?page=120)
2018-01-25 13:00:56 [scrapy] DEBUG: Crawled (200) <GET http://wz.sun0769.com/html/question/201801/359330.shtml> (referer: http://wz.sun0769.com/index.php/question/report?page=120)
2018-01-25 13:00:56 [scrapy] DEBUG: Crawled (200) <GET http://wz.sun0769.com/html/question/201801/359321.shtml> (referer: http://wz.sun0769.com/index.php/question/report?page=120)
2018-01-25 13:00:56 [scrapy] DEBUG: Crawled (200) <GET http://wz.sun0769.com/html/question/201801/359331.shtml> (referer: http://wz.sun0769.com/index.php/question/report?page=120)
2018-01-25 13:00:56 [scrapy] DEBUG: Crawled (200) <GET http://wz.sun0769.com/html/question/201801/359338.shtml> (referer: http://wz.sun0769.com/index.php/question/report?page=120)
2018-01-25 13:00:56 [scrapy] DEBUG: Crawled (200) <GET http://wz.sun0769.com/html/question/201801/359333.shtml> (referer: http://wz.sun0769.com/index.php/question/report?page=120)
2018-01-25 13:00:56 [scrapy] DEBUG: Crawled (200) <GET http://wz.sun0769.com/html/question/201801/359336.shtml> (referer: http://wz.sun0769.com/index.php/question/report?page=120)
2018-01-25 13:00:56 [scrapy] DEBUG: Crawled (200) <GET http://wz.sun0769.com/html/question/201801/359340.shtml> (referer: http://wz.sun0769.com/index.php/question/report?page=120)
2018-01-25 13:00:56 [scrapy] DEBUG: Crawled (200) <GET http://wz.sun0769.com/html/question/201801/359341.shtml> (referer: http://wz.sun0769.com/index.php/question/report?page=120)
2018-01-25 13:00:56 [scrapy] DEBUG: Crawled (200) <GET http://wz.sun0769.com/html/question/201801/359342.shtml> (referer: http://wz.sun0769.com/index.php/question/report?page=120)
2018-01-25 13:00:56 [scrapy] DEBUG: Crawled (200) <GET http://wz.sun0769.com/html/question/201801/359345.shtml> (referer: http://wz.sun0769.com/index.php/question/report?page=120)
2018-01-25 13:00:56 [scrapy] DEBUG: Crawled (200) <GET http://wz.sun0769.com/html/question/201801/359343.shtml> (referer: http://wz.sun0769.com/index.php/question/report?page=120)
2018-01-25 13:00:56 [scrapy] DEBUG: Crawled (200) <GET http://wz.sun0769.com/html/question/201801/359344.shtml> (referer: http://wz.sun0769.com/index.php/question/report?page=120)
2018-01-25 13:00:56 [scrapy] DEBUG: Crawled (200) <GET http://wz.sun0769.com/html/question/201801/359348.shtml> (referer: http://wz.sun0769.com/index.php/question/report?page=120)
2018-01-25 13:00:56 [scrapy] DEBUG: Crawled (200) <GET http://wz.sun0769.com/html/question/201801/359346.shtml> (referer: http://wz.sun0769.com/index.php/question/report?page=120)
2018-01-25 13:00:58 [scrapy] DEBUG: Crawled (200) <GET http://wz.sun0769.com/index.php/question/report?page=113160> (referer: http://wz.sun0769.com/index.php/question/report?page=113280)
2018-01-25 13:00:58 [scrapy] DEBUG: Crawled (200) <GET http://wz.sun0769.com/html/question/201801/359505.shtml> (referer: http://wz.sun0769.com/index.php/question/report?page=)
2018-01-25 13:00:58 [scrapy] DEBUG: Crawled (200) <GET http://wz.sun0769.com/index.php/question/report?page=210> (referer: http://wz.sun0769.com/index.php/question/report?page=120)
2018-01-25 13:00:58 [scrapy] DEBUG: Crawled (200) <GET http://wz.sun0769.com/index.php/question/report?page=240> (referer: http://wz.sun0769.com/index.php/question/report?page=120)
2018-01-25 13:00:58 [scrapy] DEBUG: Crawled (200) <GET http://wz.sun0769.com/html/question/201801/359506.shtml> (referer: http://wz.sun0769.com/index.php/question/report?page=)
2018-01-25 13:00:58 [scrapy] DEBUG: Crawled (200) <GET http://wz.sun0769.com/html/question/201801/359507.shtml> (referer: http://wz.sun0769.com/index.php/question/report?page=)
2018-01-25 13:00:58 [scrapy] DEBUG: Crawled (200) <GET http://wz.sun0769.com/index.php/question/report?page=180> (referer: http://wz.sun0769.com/index.php/question/report?page=120)
2018-01-25 13:00:58 [scrapy] DEBUG: Crawled (200) <GET http://wz.sun0769.com/html/question/201801/359508.shtml> (referer: http://wz.sun0769.com/index.php/question/report?page=)
2018-01-25 13:00:58 [scrapy] DEBUG: Crawled (200) <GET http://wz.sun0769.com/html/question/201801/359510.shtml> (referer: http://wz.sun0769.com/index.php/question/report?page=)
2018-01-25 13:00:58 [scrapy] DEBUG: Crawled (200) <GET http://wz.sun0769.com/html/question/201801/359195.shtml> (referer: http://wz.sun0769.com/index.php/question/report?page=210)
2018-01-25 13:01:00 [scrapy] DEBUG: Crawled (200) <GET http://wz.sun0769.com/index.php/question/report?page=113190> (referer: http://wz.sun0769.com/index.php/question/report?page=113280)
2018-01-25 13:01:03 [scrapy] DEBUG: Crawled (200) <GET http://wz.sun0769.com/index.php/question/report?page=113040> (referer: http://wz.sun0769.com/index.php/question/report?page=113160)
2018-01-25 13:01:03 [scrapy] DEBUG: Crawled (200) <GET http://wz.sun0769.com/index.php/question/report?page=300> (referer: http://wz.sun0769.com/index.php/question/report?page=210)
2018-01-25 13:01:03 [scrapy] DEBUG: Crawled (200) <GET http://wz.sun0769.com/html/question/201801/359133.shtml> (referer: http://wz.sun0769.com/index.php/question/report?page=240)
2018-01-25 13:01:03 [scrapy] DEBUG: Crawled (200) <GET http://wz.sun0769.com/html/question/201801/359134.shtml> (referer: http://wz.sun0769.com/index.php/question/report?page=240)
2018-01-25 13:01:03 [scrapy] DEBUG: Crawled (200) <GET http://wz.sun0769.com/html/question/201801/359130.shtml> (referer: http://wz.sun0769.com/index.php/question/report?page=240)
2018-01-25 13:01:04 [scrapy] DEBUG: Crawled (200) <GET http://wz.sun0769.com/html/question/201801/359135.shtml> (referer: http://wz.sun0769.com/index.php/question/report?page=210)
2018-01-25 13:01:04 [scrapy] DEBUG: Crawled (200) <GET http://wz.sun0769.com/html/question/201801/359137.shtml> (referer: http://wz.sun0769.com/index.php/question/report?page=210)
2018-01-25 13:01:04 [scrapy] DEBUG: Crawled (200) <GET http://wz.sun0769.com/html/question/201801/359196.shtml> (referer: http://wz.sun0769.com/index.php/question/report?page=180)
2018-01-25 13:01:04 [scrapy] DEBUG: Crawled (200) <GET http://wz.sun0769.com/html/question/201801/359197.shtml> (referer: http://wz.sun0769.com/index.php/question/report?page=180)
2018-01-25 13:01:04 [scrapy] DEBUG: Crawled (200) <GET http://wz.sun0769.com/html/question/201801/359198.shtml> (referer: http://wz.sun0769.com/index.php/question/report?page=180)
2018-01-25 13:01:04 [scrapy] DEBUG: Crawled (200) <GET http://wz.sun0769.com/html/question/201801/359200.shtml> (referer: http://wz.sun0769.com/index.php/question/report?page=180)
2018-01-25 13:01:05 [scrapy] DEBUG: Crawled (200) <GET http://wz.sun0769.com/html/question/201801/358978.shtml> (referer: http://wz.sun0769.com/index.php/question/report?page=300)
2018-01-25 13:01:05 [scrapy] DEBUG: Crawled (200) <GET http://wz.sun0769.com/html/question/201801/358979.shtml> (referer: http://wz.sun0769.com/index.php/question/report?page=300)
2018-01-25 13:01:06 [scrapy] DEBUG: Crawled (200) <GET http://wz.sun0769.com/index.php/question/report?page=113100> (referer: http://wz.sun0769.com/index.php/question/report?page=113220)
2018-01-25 13:01:06 [scrapy] DEBUG: Crawled (200) <GET http://wz.sun0769.com/html/question/201801/358981.shtml> (referer: http://wz.sun0769.com/index.php/question/report?page=300)
2018-01-25 13:01:06 [scrapy] DEBUG: Crawled (200) <GET http://wz.sun0769.com/html/question/201801/358985.shtml> (referer: http://wz.sun0769.com/index.php/question/report?page=300)
2018-01-25 13:01:06 [scrapy] DEBUG: Crawled (200) <GET http://wz.sun0769.com/html/question/201801/358988.shtml> (referer: http://wz.sun0769.com/index.php/question/report?page=300)
2018-01-25 13:01:06 [scrapy] DEBUG: Crawled (200) <GET http://wz.sun0769.com/html/question/201801/358989.shtml> (referer: http://wz.sun0769.com/index.php/question/report?page=300)
2018-01-25 13:01:07 [scrapy] DEBUG: Crawled (200) <GET http://wz.sun0769.com/html/question/201801/358990.shtml> (referer: http://wz.sun0769.com/index.php/question/report?page=300)
2018-01-25 13:01:07 [scrapy] DEBUG: Crawled (200) <GET http://wz.sun0769.com/html/question/201801/358980.shtml> (referer: http://wz.sun0769.com/index.php/question/report?page=300)
2018-01-25 13:01:07 [scrapy] DEBUG: Crawled (200) <GET http://wz.sun0769.com/html/question/201801/359001.shtml> (referer: http://wz.sun0769.com/index.php/question/report?page=300)
2018-01-25 13:01:07 [scrapy] DEBUG: Crawled (200) <GET http://wz.sun0769.com/html/question/201801/359002.shtml> (referer: http://wz.sun0769.com/index.php/question/report?page=300)
2018-01-25 13:01:07 [scrapy] DEBUG: Crawled (200) <GET http://wz.sun0769.com/html/question/201801/359004.shtml> (referer: http://wz.sun0769.com/index.php/question/report?page=300)
2018-01-25 13:01:07 [scrapy] DEBUG: Crawled (200) <GET http://wz.sun0769.com/html/question/201801/359003.shtml> (referer: http://wz.sun0769.com/index.php/question/report?page=300)
2018-01-25 13:01:07 [scrapy] DEBUG: Crawled (200) <GET http://wz.sun0769.com/html/question/201801/359005.shtml> (referer: http://wz.sun0769.com/index.php/question/report?page=300)
2018-01-25 13:01:08 [scrapy] DEBUG: Crawled (200) <GET http://wz.sun0769.com/html/question/201801/359009.shtml> (referer: http://wz.sun0769.com/index.php/question/report?page=300)
2018-01-25 13:01:08 [scrapy] DEBUG: Crawled (200) <GET http://wz.sun0769.com/html/question/201801/359008.shtml> (referer: http://wz.sun0769.com/index.php/question/report?page=300)
2018-01-25 13:01:08 [scrapy] DEBUG: Crawled (200) <GET http://wz.sun0769.com/html/question/201801/359010.shtml> (referer: http://wz.sun0769.com/index.php/question/report?page=300)
2018-01-25 13:01:08 [scrapy] DEBUG: Crawled (200) <GET http://wz.sun0769.com/html/question/201801/359011.shtml> (referer: http://wz.sun0769.com/index.php/question/report?page=300)
2018-01-25 13:01:08 [scrapy] DEBUG: Crawled (200) <GET http://wz.sun0769.com/index.php/question/report?page=113070> (referer: http://wz.sun0769.com/index.php/question/report?page=113160)
2018-01-25 13:01:09 [scrapy] DEBUG: Crawled (200) <GET http://wz.sun0769.com/html/question/201801/359012.shtml> (referer: http://wz.sun0769.com/index.php/question/report?page=300)
2018-01-25 13:01:09 [scrapy] DEBUG: Crawled (200) <GET http://wz.sun0769.com/html/question/201801/359013.shtml> (referer: http://wz.sun0769.com/index.php/question/report?page=300)
2018-01-25 13:01:10 [scrapy] INFO: Received SIGINT, shutting down gracefully. Send again to force 
2018-01-25 13:01:10 [scrapy] INFO: Closing spider (shutdown)
2018-01-25 13:01:10 [scrapy] DEBUG: Crawled (200) <GET http://wz.sun0769.com/html/question/201801/359019.shtml> (referer: http://wz.sun0769.com/index.php/question/report?page=300)
2018-01-25 13:01:11 [scrapy] DEBUG: Crawled (200) <GET http://wz.sun0769.com/index.php/question/report?page=113130> (referer: http://wz.sun0769.com/index.php/question/report?page=113220)
2018-01-25 13:01:11 [scrapy] DEBUG: Crawled (200) <GET http://wz.sun0769.com/html/question/201801/359021.shtml> (referer: http://wz.sun0769.com/index.php/question/report?page=300)
2018-01-25 13:01:11 [scrapy] DEBUG: Crawled (200) <GET http://wz.sun0769.com/index.php/question/report?page=270> (referer: http://wz.sun0769.com/index.php/question/report?page=210)
2018-01-25 13:01:11 [scrapy] INFO: Received SIGINT twice, forcing unclean shutdown
2018-01-25 13:01:11 [scrapy] DEBUG: Retrying <GET http://wz.sun0769.com/html/question/201801/359015.shtml> (failed 1 times): [<twisted.python.failure.Failure twisted.internet.error.ConnectionLost: Connection to the other side was lost in a non-clean fashion: Connection lost.>, <twisted.python.failure.Failure twisted.web.http._DataLoss: Chunked decoder in 'BODY' state, still expecting more data to get to 'FINISHED' state.>]
2018-01-25 13:01:11 [scrapy] DEBUG: Retrying <GET http://wz.sun0769.com/index.php/question/report?page=360> (failed 1 times): [<twisted.python.failure.Failure twisted.internet.error.ConnectionLost: Connection to the other side was lost in a non-clean fashion: Connection lost.>, <twisted.python.failure.Failure twisted.web.http._DataLoss: Chunked decoder in 'CRLF' state, still expecting more data to get to 'FINISHED' state.>]
2018-01-25 13:01:11 [scrapy] DEBUG: Retrying <GET http://wz.sun0769.com/index.php/question/report?page=150> (failed 1 times): [<twisted.python.failure.Failure twisted.internet.error.ConnectionLost: Connection to the other side was lost in a non-clean fashion: Connection lost.>, <twisted.python.failure.Failure twisted.web.http._DataLoss: Chunked decoder in 'BODY' state, still expecting more data to get to 'FINISHED' state.>]
